0 info it worked if it ends with ok
1 verbose cli [ '/usr/bin/nodejs', '/usr/bin/npm', 'publish' ]
2 info using npm@2.14.7
3 info using node@v4.2.1
4 verbose publish [ '.' ]
5 silly cache add args [ '.', null ]
6 verbose cache add spec .
7 silly cache add parsed spec Result {
7 silly cache add   raw: '.',
7 silly cache add   scope: null,
7 silly cache add   name: null,
7 silly cache add   rawSpec: '.',
7 silly cache add   spec: '/home/ehpc/Dropbox/projects/dev/assets-status/btce-nodejs-call-method',
7 silly cache add   type: 'directory' }
8 verbose addLocalDirectory /home/ehpc/.npm/btce-nodejs-call-method/1.0.0/package.tgz not in flight; packing
9 verbose tar pack [ '/home/ehpc/.npm/btce-nodejs-call-method/1.0.0/package.tgz',
9 verbose tar pack   '/home/ehpc/Dropbox/projects/dev/assets-status/btce-nodejs-call-method' ]
10 verbose tarball /home/ehpc/.npm/btce-nodejs-call-method/1.0.0/package.tgz
11 verbose folder /home/ehpc/Dropbox/projects/dev/assets-status/btce-nodejs-call-method
12 info prepublish btce-nodejs-call-method@1.0.0
13 verbose addLocalTarball adding from inside cache /home/ehpc/.npm/btce-nodejs-call-method/1.0.0/package.tgz
14 silly cache afterAdd btce-nodejs-call-method@1.0.0
15 verbose afterAdd /home/ehpc/.npm/btce-nodejs-call-method/1.0.0/package/package.json not in flight; writing
16 verbose afterAdd /home/ehpc/.npm/btce-nodejs-call-method/1.0.0/package/package.json written
17 silly publish { name: 'btce-nodejs-call-method',
17 silly publish   version: '1.0.0',
17 silly publish   description: 'Calling BTC-e trading API method from Node.js',
17 silly publish   main: 'index.js',
17 silly publish   scripts: { test: 'gulp' },
17 silly publish   repository:
17 silly publish    { type: 'git',
17 silly publish      url: 'git://github.com/ehpc/btce-nodejs-call-method.git' },
17 silly publish   keywords:
17 silly publish    [ 'BTC-e',
17 silly publish      'bitcoin',
17 silly publish      'trading',
17 silly publish      'node',
17 silly publish      'getInfo',
17 silly publish      'hmac',
17 silly publish      'sha512' ],
17 silly publish   author: { name: 'Eugene Maslovich', email: 'ehpc@ehpc.io' },
17 silly publish   license: 'MIT',
17 silly publish   bugs: { url: 'https://github.com/ehpc/btce-nodejs-call-method/issues' },
17 silly publish   homepage: 'https://github.com/ehpc/btce-nodejs-call-method#readme',
17 silly publish   devDependencies:
17 silly publish    { chai: '^3.4.0',
17 silly publish      gulp: '^3.9.0',
17 silly publish      'gulp-jscs': '^3.0.2',
17 silly publish      'gulp-jshint': '^1.11.2',
17 silly publish      'gulp-mocha': '^2.1.3' },
17 silly publish   readme: '# A module for calling the BTC-e trading API method\n\nIt\'s a simple module with only one purpose:\n\n* Calling the BTC-e trading API method\n\nActually it was written to call *getInfo* and nothing more. But I figured it\ncan be improved in the future so here it is on github.\n\n# Installing\n\n```\nnpm install btce-nodejs-call-method --save\n```\n\n# Using\n\n```\nlet btce = require(\'btce-nodejs-call-method\');\nbtce.callBtceMethod(\n\t\'getInfo\',\n\t\'YOUR API KEY\',\n\t\'YOUR SECRET KEY\'\n).then(function (data) {\n\tconsole.log(\'BTC count: \', data.return.funds.btc);\n}).catch(console.error);\n```\n\n# Testing\n\n```\nnpm test\n```\n',
17 silly publish   readmeFilename: 'README.md',
17 silly publish   gitHead: 'b1d7869fffe53847367b9c59c5fbc954d12c0385',
17 silly publish   _id: 'btce-nodejs-call-method@1.0.0',
17 silly publish   _shasum: 'd6fe5bb4566c623ea7523f26985377adc45d94da',
17 silly publish   _from: '.' }
18 verbose getPublishConfig undefined
19 silly mapToRegistry name btce-nodejs-call-method
20 silly mapToRegistry using default registry
21 silly mapToRegistry registry https://registry.npmjs.org/
22 silly mapToRegistry uri https://registry.npmjs.org/btce-nodejs-call-method
23 verbose publish registryBase https://registry.npmjs.org/
24 silly publish uploading /home/ehpc/.npm/btce-nodejs-call-method/1.0.0/package.tgz
25 verbose request uri https://registry.npmjs.org/btce-nodejs-call-method
26 verbose request sending authorization for write operation
27 info attempt registry request try #1 at 19:48:02
28 verbose request using bearer token for auth
29 verbose request id 72ca2caa2ab22efc
30 http request PUT https://registry.npmjs.org/btce-nodejs-call-method
31 http 403 https://registry.npmjs.org/btce-nodejs-call-method
32 verbose headers { 'content-type': 'application/json',
32 verbose headers   'cache-control': 'max-age=60',
32 verbose headers   'content-length': '95',
32 verbose headers   'accept-ranges': 'bytes',
32 verbose headers   date: 'Wed, 28 Oct 2015 16:48:04 GMT',
32 verbose headers   via: '1.1 varnish',
32 verbose headers   connection: 'keep-alive',
32 verbose headers   'x-served-by': 'cache-ams4131-AMS',
32 verbose headers   'x-cache': 'MISS',
32 verbose headers   'x-cache-hits': '0',
32 verbose headers   'x-timer': 'S1446050883.006187,VS0,VE1023' }
33 verbose request invalidating /home/ehpc/.npm/registry.npmjs.org/btce-nodejs-call-method on PUT
34 error publish Failed PUT 403
35 verbose stack Error: "You cannot publish over the previously published version 1.0.0." : btce-nodejs-call-method
35 verbose stack     at makeError (/usr/lib/node_modules/npm/node_modules/npm-registry-client/lib/request.js:264:12)
35 verbose stack     at CachingRegistryClient.<anonymous> (/usr/lib/node_modules/npm/node_modules/npm-registry-client/lib/request.js:252:14)
35 verbose stack     at Request._callback (/usr/lib/node_modules/npm/node_modules/npm-registry-client/lib/request.js:172:14)
35 verbose stack     at Request.self.callback (/usr/lib/node_modules/npm/node_modules/request/request.js:198:22)
35 verbose stack     at emitTwo (events.js:87:13)
35 verbose stack     at Request.emit (events.js:172:7)
35 verbose stack     at Request.<anonymous> (/usr/lib/node_modules/npm/node_modules/request/request.js:1063:14)
35 verbose stack     at emitOne (events.js:82:20)
35 verbose stack     at Request.emit (events.js:169:7)
35 verbose stack     at IncomingMessage.<anonymous> (/usr/lib/node_modules/npm/node_modules/request/request.js:1009:12)
36 verbose statusCode 403
37 verbose pkgid btce-nodejs-call-method
38 verbose cwd /home/ehpc/Dropbox/projects/dev/assets-status/btce-nodejs-call-method
39 error Linux 3.19.0-31-generic
40 error argv "/usr/bin/nodejs" "/usr/bin/npm" "publish"
41 error node v4.2.1
42 error npm  v2.14.7
43 error code E403
44 error "You cannot publish over the previously published version 1.0.0." : btce-nodejs-call-method
45 error If you need help, you may report this error at:
45 error     <https://github.com/npm/npm/issues>
46 verbose exit [ 1, true ]
